Using pre-set license
Built from '2020.3/staging' branch; Version is '2020.3.16f1 (049d6eca3c44) revision 302446'; Using compiler version '192528614'; Build Type 'Release'
OS: 'Windows 10 Pro; OS build 19043.1165; Version 2009; 64bit' Language: 'en' Physical Memory: 16334 MB
BatchMode: 1, IsHumanControllingUs: 0, StartBugReporterOnCrash: 0, Is64bit: 1, IsPro: 0

 COMMAND LINE ARGUMENTS:
D:\Unity\2020.3.16f1\Editor\Unity.exe
-adb2
-batchMode
-noUpm
-name
AssetImportWorker0
-projectPath
E:/GitRepos/Unity Tutorials/Clock/Clock
-logFile
Logs/AssetImportWorker0.log
-srvPort
59676
Successfully changed project path to: E:/GitRepos/Unity Tutorials/Clock/Clock
E:/GitRepos/Unity Tutorials/Clock/Clock
Using Asset Import Pipeline V2.
Refreshing native plugins compatible for Editor in 24.23 ms, found 2 plugins.
Preloading 0 native plugins for Editor in 0.00 ms.
Initialize engine version: 2020.3.16f1 (049d6eca3c44)
[Subsystems] Discovering subsystems at path D:/Unity/2020.3.16f1/Editor/Data/Resources/UnitySubsystems
[Subsystems] Discovering subsystems at path E:/GitRepos/Unity Tutorials/Clock/Clock/Assets
GfxDevice: creating device client; threaded=0
Direct3D:
    Version:  Direct3D 11.0 [level 11.1]
    Renderer: AMD Radeon (TM) R9 Fury Series (ID=0x7300)
    Vendor:   
    VRAM:     4070 MB
    Driver:   27.20.14501.18003
Initialize mono
Mono path[0] = 'D:/Unity/2020.3.16f1/Editor/Data/Managed'
Mono path[1] = 'D:/Unity/2020.3.16f1/Editor/Data/MonoBleedingEdge/lib/mono/unityjit'
Mono config path = 'D:/Unity/2020.3.16f1/Editor/Data/MonoBleedingEdge/etc'
Using monoOptions --debugger-agent=transport=dt_socket,embedding=1,server=y,suspend=n,address=127.0.0.1:56324
Begin MonoManager ReloadAssembly
Registering precompiled unity dll's ...
Register platform support module: D:/Unity/2020.3.16f1/Editor/Data/PlaybackEngines/WindowsStandaloneSupport/UnityEditor.WindowsStandalone.Extensions.dll
Registered in 0.000842 seconds.
Native extension for WindowsStandalone target not found
Refreshing native plugins compatible for Editor in 24.65 ms, found 2 plugins.
Preloading 0 native plugins for Editor in 0.00 ms.
Mono: successfully reloaded assembly
- Completed reload, in  0.709 seconds
Domain Reload Profiling:
	ReloadAssembly (709ms)
		BeginReloadAssembly (40ms)
			ExecutionOrderSort (0ms)
			DisableScriptedObjects (0ms)
			BackupInstance (0ms)
			ReleaseScriptingObjects (0ms)
			CreateAndSetChildDomain (1ms)
		EndReloadAssembly (325ms)
			LoadAssemblies (39ms)
			RebuildTransferFunctionScriptingTraits (0ms)
			SetupTypeCache (121ms)
			ReleaseScriptCaches (0ms)
			RebuildScriptCaches (26ms)
			SetupLoadedEditorAssemblies (124ms)
				LogAssemblyErrors (0ms)
				InitializePlatformSupportModulesInManaged (4ms)
				SetLoadedEditorAssemblies (0ms)
				RefreshPlugins (25ms)
				BeforeProcessingInitializeOnLoad (13ms)
				ProcessInitializeOnLoadAttributes (61ms)
				ProcessInitializeOnLoadMethodAttributes (21ms)
				AfterProcessingInitializeOnLoad (0ms)
				EditorAssembliesLoaded (0ms)
			ExecutionOrderSort2 (0ms)
			AwakeInstancesAfterBackupRestoration (0ms)
Platform modules already initialized, skipping
Registering precompiled user dll's ...
Registered in 0.001979 seconds.
Begin MonoManager ReloadAssembly
Native extension for WindowsStandalone target not found
Refreshing native plugins compatible for Editor in 0.33 ms, found 2 plugins.
Preloading 0 native plugins for Editor in 0.00 ms.
Mono: successfully reloaded assembly
- Completed reload, in  0.828 seconds
Domain Reload Profiling:
	ReloadAssembly (828ms)
		BeginReloadAssembly (114ms)
			ExecutionOrderSort (0ms)
			DisableScriptedObjects (3ms)
			BackupInstance (0ms)
			ReleaseScriptingObjects (0ms)
			CreateAndSetChildDomain (15ms)
		EndReloadAssembly (665ms)
			LoadAssemblies (64ms)
			RebuildTransferFunctionScriptingTraits (0ms)
			SetupTypeCache (208ms)
			ReleaseScriptCaches (0ms)
			RebuildScriptCaches (33ms)
			SetupLoadedEditorAssemblies (288ms)
				LogAssemblyErrors (0ms)
				InitializePlatformSupportModulesInManaged (4ms)
				SetLoadedEditorAssemblies (0ms)
				RefreshPlugins (0ms)
				BeforeProcessingInitializeOnLoad (56ms)
				ProcessInitializeOnLoadAttributes (223ms)
				ProcessInitializeOnLoadMethodAttributes (3ms)
				AfterProcessingInitializeOnLoad (2ms)
				EditorAssembliesLoaded (0ms)
			ExecutionOrderSort2 (0ms)
			AwakeInstancesAfterBackupRestoration (5ms)
Platform modules already initialized, skipping
========================================================================
Worker process is ready to serve import requests
Launched and connected shader compiler UnityShaderCompiler.exe after 0.05 seconds
Refreshing native plugins compatible for Editor in 0.32 ms, found 2 plugins.
Preloading 0 native plugins for Editor in 0.00 ms.
Unloading 1397 Unused Serialized files (Serialized files now loaded: 0)
System memory in use before: 64.8 MB.
System memory in use after: 64.9 MB.

Unloading 18 unused Assets to reduce memory usage. Loaded Objects now: 1830.
Total: 2.443400 ms (FindLiveObjects: 0.122200 ms CreateObjectMapping: 0.030000 ms MarkObjects: 2.237700 ms  DeleteObjects: 0.052500 ms)

AssetImportParameters requested are different than current active one (requested -> active):
  colorSpace: 1 -> 0
  custom:framework-win-MediaFoundation: 216162199b28c13a410421893ffa2e32 -> 
  custom:video-decoder-ogg-theora: a1e56fd34408186e4bbccfd4996cb3dc -> 
  custom:container-muxer-webm: aa71ff27fc2769a1b78a27578f13a17b -> 
  custom:container-demuxer-webm: 4f35f7cbe854078d1ac9338744f61a02 -> 
  custom:container-demuxer-ogg: 62fdf1f143b41e24485cea50d1cbac27 -> 
  custom:video-encoder-webm-vp8: eb34c28f22e8b96e1ab97ce403110664 -> 
  custom:video-decoder-webm-vp8: 9c59270c3fd7afecdb556c50c9e8de78 -> 
  custom:audio-decoder-ogg-vorbis: bf7c407c2cedff20999df2af8eb42d56 -> 
  custom:audio-encoder-webm-vorbis: bf7c407c2cedff20999df2af8eb42d56 -> 
========================================================================
Received Import Request.
  path: Assets
  artifactKey: Guid(00000000000000001000000000000000) Importer(815301076,1909f56bfc062723c751e8b465ee728b)
Start importing Assets using Guid(00000000000000001000000000000000) Importer(815301076,1909f56bfc062723c751e8b465ee728b)  -> (artifact id: '42d402b061de3733987d63b9cc3b64de') in 0.007087 seconds 
  Import took 0.009059 seconds .

========================================================================
Received Import Request.
  Time since last request: 1.024168 seconds.
  path: Assets/Material
  artifactKey: Guid(be06c6caa9269514683f187560a9f4ab) Importer(815301076,1909f56bfc062723c751e8b465ee728b)
Start importing Assets/Material using Guid(be06c6caa9269514683f187560a9f4ab) Importer(815301076,1909f56bfc062723c751e8b465ee728b)  -> (artifact id: '60a6d7499a32a653b624f579e0b93eeb') in 0.005094 seconds 
  Import took 0.007123 seconds .

========================================================================
Received Import Request.
  Time since last request: 15.791854 seconds.
  path: Assets/Material/Hour Indicator.mat
  artifactKey: Guid(ab9ca6e46b09895478c953a338d7b089) Importer(815301076,1909f56bfc062723c751e8b465ee728b)
Start importing Assets/Material/Hour Indicator.mat using Guid(ab9ca6e46b09895478c953a338d7b089) Importer(815301076,1909f56bfc062723c751e8b465ee728b)  -> (artifact id: '38206cdfa6592262618d91cd7f796237') in 0.268505 seconds 
  Import took 0.270817 seconds .

========================================================================
Received Import Request.
  Time since last request: 269.951241 seconds.
  path: Assets/Material/Hour Indicator.mat
  artifactKey: Guid(ab9ca6e46b09895478c953a338d7b089) Importer(815301076,1909f56bfc062723c751e8b465ee728b)
Start importing Assets/Material/Hour Indicator.mat using Guid(ab9ca6e46b09895478c953a338d7b089) Importer(815301076,1909f56bfc062723c751e8b465ee728b)  -> (artifact id: '083fcdaf0868a12e49f47d80105ef783') in 0.009905 seconds 
  Import took 0.012172 seconds .

========================================================================
Received Import Request.
  Time since last request: 1214.512721 seconds.
  path: Assets/Material/Clock Arm.mat
  artifactKey: Guid(8b050c7c3917b5941985484183eb90a9) Importer(815301076,1909f56bfc062723c751e8b465ee728b)
Start importing Assets/Material/Clock Arm.mat using Guid(8b050c7c3917b5941985484183eb90a9) Importer(815301076,1909f56bfc062723c751e8b465ee728b)  -> (artifact id: '8cc13776d9ffc67c39709ecfc7256153') in 0.019708 seconds 
  Import took 0.021957 seconds .

========================================================================
Received Import Request.
  Time since last request: 288.565433 seconds.
  path: Assets/Material/Clock Arm.mat
  artifactKey: Guid(8b050c7c3917b5941985484183eb90a9) Importer(815301076,1909f56bfc062723c751e8b465ee728b)
Start importing Assets/Material/Clock Arm.mat using Guid(8b050c7c3917b5941985484183eb90a9) Importer(815301076,1909f56bfc062723c751e8b465ee728b)  -> (artifact id: '7bf2de0b869c5df76a151e2ffe510a91') in 0.009042 seconds 
  Import took 0.011097 seconds .

========================================================================
Received Import Request.
  Time since last request: 0.000160 seconds.
  path: Assets/Material/Hour Indicator.mat
  artifactKey: Guid(ab9ca6e46b09895478c953a338d7b089) Importer(815301076,1909f56bfc062723c751e8b465ee728b)
Start importing Assets/Material/Hour Indicator.mat using Guid(ab9ca6e46b09895478c953a338d7b089) Importer(815301076,1909f56bfc062723c751e8b465ee728b)  -> (artifact id: 'c35a439f832ed28d3386a9f7d83631d8') in 0.011672 seconds 
  Import took 0.013747 seconds .

========================================================================
Received Import Request.
  Time since last request: 221.909561 seconds.
  path: Assets/Material/Seconds Arm.mat
  artifactKey: Guid(543c7563b492a1a4abfe42e89b0608d9) Importer(815301076,1909f56bfc062723c751e8b465ee728b)
Start importing Assets/Material/Seconds Arm.mat using Guid(543c7563b492a1a4abfe42e89b0608d9) Importer(815301076,1909f56bfc062723c751e8b465ee728b)  -> (artifact id: '6281ecf29a91d9549131b02ef7b19a46') in 0.011430 seconds 
  Import took 0.013711 seconds .

========================================================================
Received Import Request.
  Time since last request: 92.192818 seconds.
  path: Assets/Material/Seconds Arm.mat
  artifactKey: Guid(543c7563b492a1a4abfe42e89b0608d9) Importer(815301076,1909f56bfc062723c751e8b465ee728b)
Start importing Assets/Material/Seconds Arm.mat using Guid(543c7563b492a1a4abfe42e89b0608d9) Importer(815301076,1909f56bfc062723c751e8b465ee728b)  -> (artifact id: 'd963bcd13190d417864a4cf29f368ef8') in 0.009576 seconds 
  Import took 0.011991 seconds .

AssetImportWorkerClient::OnTransportError - code=2 error=End of file
